<?xml version="1.0" encoding="UTF-8"?>
<!-- Generated by org.testng.reporters.JUnitXMLReporter -->
<testsuite hostname="Muthukumar" ignored="0" name="Validating User login" tests="1" failures="1" timestamp="2022-02-13T19:13:57 IST" time="12.248" errors="0">
  <testcase name="basePageNavigation" time="8.419" classname="Academy.HomePage">
    <failure type="junit.framework.ComparisonFailure" message="expected:&amp;lt;WebServices Testing using SoapUI&amp;gt; but was:&amp;lt;&amp;gt;">
      <![CDATA[junit.framework.ComparisonFailure: expected:<WebServices Testing using SoapUI> but was:<>
at junit.framework.Assert.assertEquals(Assert.java:81)
at junit.framework.Assert.assertEquals(Assert.java:87)
at Academy.HomePage.basePageNavigation(HomePage.java:42)
at java.util.ArrayList.forEach(ArrayList.java:1257)
... Removed 27 stack frames]]>
    </failure>
  </testcase> <!-- basePageNavigation -->
</testsuite> <!-- Validating User login -->
