<?xml version="1.0" encoding="UTF-8"?>
<testng-results skipped="0" failed="0" ignored="0" total="2" passed="2">
  <reporter-output>
  </reporter-output>
  <suite name="Test-class Suite" duration-ms="31136" started-at="2022-02-26T05:32:30 IST" finished-at="2022-02-26T05:33:01 IST">
    <groups>
    </groups>
    <test name="Validating User login" duration-ms="31136" started-at="2022-02-26T05:32:30 IST" finished-at="2022-02-26T05:33:01 IST">
      <class name="testcases.HomePage">
        <test-method status="PASS" signature="initialize()[pri:0, instance:testcases.HomePage@1e04fa0a]" name="initialize" is-config="true" duration-ms="1675" started-at="2022-02-26T05:32:30 IST" finished-at="2022-02-26T05:32:32 IST">
          <reporter-output>
          </reporter-output>
        </test-method> <!-- initialize -->
        <test-method status="PASS" signature="initializeDriver_()[pri:0, instance:testcases.HomePage@1e04fa0a]" name="initializeDriver_" is-config="true" duration-ms="11520" started-at="2022-02-26T05:32:32 IST" finished-at="2022-02-26T05:32:44 IST">
          <reporter-output>
          </reporter-output>
        </test-method> <!-- initializeDriver_ -->
        <test-method status="PASS" signature="basePageNavigation()[pri:0, instance:testcases.HomePage@1e04fa0a]" name="basePageNavigation" duration-ms="7532" started-at="2022-02-26T05:32:44 IST" finished-at="2022-02-26T05:32:51 IST">
          <reporter-output>
          </reporter-output>
        </test-method> <!-- basePageNavigation -->
        <test-method status="PASS" signature="closeDriver()[pri:0, instance:testcases.HomePage@1e04fa0a]" name="closeDriver" is-config="true" duration-ms="62" started-at="2022-02-26T05:32:51 IST" finished-at="2022-02-26T05:32:51 IST">
          <reporter-output>
          </reporter-output>
        </test-method> <!-- closeDriver -->
        <test-method status="PASS" signature="initializeDriver_()[pri:0, instance:testcases.HomePage@1e04fa0a]" name="initializeDriver_" is-config="true" duration-ms="1370" started-at="2022-02-26T05:32:51 IST" finished-at="2022-02-26T05:32:53 IST">
          <reporter-output>
          </reporter-output>
        </test-method> <!-- initializeDriver_ -->
        <test-method status="PASS" signature="basePageNavigation2()[pri:0, instance:testcases.HomePage@1e04fa0a]" name="basePageNavigation2" duration-ms="8591" started-at="2022-02-26T05:32:53 IST" finished-at="2022-02-26T05:33:01 IST">
          <reporter-output>
          </reporter-output>
        </test-method> <!-- basePageNavigation2 -->
        <test-method status="PASS" signature="closeDriver()[pri:0, instance:testcases.HomePage@1e04fa0a]" name="closeDriver" is-config="true" duration-ms="287" started-at="2022-02-26T05:33:01 IST" finished-at="2022-02-26T05:33:01 IST">
          <reporter-output>
          </reporter-output>
        </test-method> <!-- closeDriver -->
        <test-method status="PASS" signature="teardown()[pri:0, instance:testcases.HomePage@1e04fa0a]" name="teardown" is-config="true" duration-ms="0" started-at="2022-02-26T05:33:01 IST" finished-at="2022-02-26T05:33:01 IST">
          <reporter-output>
          </reporter-output>
        </test-method> <!-- teardown -->
      </class> <!-- testcases.HomePage -->
    </test> <!-- Validating User login -->
  </suite> <!-- Test-class Suite -->
</testng-results>
