<?xml version="1.0" encoding="UTF-8"?>
<testng-results skipped="0" failed="0" ignored="0" total="1" passed="1">
  <reporter-output>
  </reporter-output>
  <suite name="Suite" duration-ms="49434" started-at="2022-02-26T19:21:18 IST" finished-at="2022-02-26T19:22:07 IST">
    <groups>
    </groups>
    <test name="Test" duration-ms="49434" started-at="2022-02-26T19:21:18 IST" finished-at="2022-02-26T19:22:07 IST">
      <class name="testcases.AudiTest">
        <test-method status="PASS" signature="initialize()[pri:0, instance:testcases.AudiTest@52102734]" name="initialize" is-config="true" duration-ms="554" started-at="2022-02-26T19:21:18 IST" finished-at="2022-02-26T19:21:18 IST">
          <reporter-output>
          </reporter-output>
        </test-method> <!-- initialize -->
        <test-method status="PASS" signature="initializeDriver_()[pri:0, instance:testcases.AudiTest@52102734]" name="initializeDriver_" is-config="true" duration-ms="2739" started-at="2022-02-26T19:21:18 IST" finished-at="2022-02-26T19:21:21 IST">
          <reporter-output>
          </reporter-output>
        </test-method> <!-- initializeDriver_ -->
        <test-method status="PASS" signature="AudiLoginTest()[pri:0, instance:testcases.AudiTest@52102734]" name="AudiLoginTest" duration-ms="45935" started-at="2022-02-26T19:21:21 IST" finished-at="2022-02-26T19:22:07 IST">
          <reporter-output>
          </reporter-output>
        </test-method> <!-- AudiLoginTest -->
        <test-method status="PASS" signature="closeDriver()[pri:0, instance:testcases.AudiTest@52102734]" name="closeDriver" is-config="true" duration-ms="151" started-at="2022-02-26T19:22:07 IST" finished-at="2022-02-26T19:22:07 IST">
          <reporter-output>
          </reporter-output>
        </test-method> <!-- closeDriver -->
        <test-method status="PASS" signature="teardown()[pri:0, instance:testcases.AudiTest@52102734]" name="teardown" is-config="true" duration-ms="1" started-at="2022-02-26T19:22:07 IST" finished-at="2022-02-26T19:22:07 IST">
          <reporter-output>
          </reporter-output>
        </test-method> <!-- teardown -->
      </class> <!-- testcases.AudiTest -->
    </test> <!-- Test -->
  </suite> <!-- Suite -->
</testng-results>
